<?xml version="1.0" encoding="UTF-8"?>
<!-- Generated by org.testng.reporters.JUnitReportReporter -->
<testsuite hostname="suraj-pavilion" failures="0" tests="1" name="com.comcast.crm.leadsTest.CreateLeadTest" time="23.270" errors="1" timestamp="2025-02-26T07:00:46 IST" skipped="0">
  <testcase classname="com.comcast.crm.leadsTest.CreateLeadTest" name="CreateLead" time="23.270">
    <error message="expected &#039;)&#039; at position 13" type="java.lang.IllegalArgumentException">
      <![CDATA[java.lang.IllegalArgumentException: expected ')' at position 13
at dk.brics.automaton.RegExp.parseSimpleExp(Unknown Source)
at dk.brics.automaton.RegExp.parseCharClassExp(Unknown Source)
at dk.brics.automaton.RegExp.parseComplExp(Unknown Source)
at dk.brics.automaton.RegExp.parseRepeatExp(Unknown Source)
at dk.brics.automaton.RegExp.parseConcatExp(Unknown Source)
at dk.brics.automaton.RegExp.parseInterExp(Unknown Source)
at dk.brics.automaton.RegExp.parseUnionExp(Unknown Source)
at dk.brics.automaton.RegExp.<init>(Unknown Source)
at dk.brics.automaton.RegExp.<init>(Unknown Source)
at com.mifmif.common.regex.Generex.createRegExp(Generex.java:117)
at com.mifmif.common.regex.Generex.<init>(Generex.java:85)
at com.mifmif.common.regex.Generex.<init>(Generex.java:76)
at com.comcast.crm.generic.webDriverUtility.JavaUtility.getEmailID(JavaUtility.java:19)
at com.comcast.crm.leadsTest.CreateLeadTest.CreateLead(CreateLeadTest.java:20)
at java.base/jdk.internal.reflect.NativeMethodAccessorImpl.invoke0(Native Method)
at java.base/jdk.internal.reflect.NativeMethodAccessorImpl.invoke(NativeMethodAccessorImpl.java:77)
at java.base/jdk.internal.reflect.DelegatingMethodAccessorImpl.invoke(DelegatingMethodAccessorImpl.java:43)
at java.base/java.lang.reflect.Method.invoke(Method.java:568)
at org.testng.internal.invokers.MethodInvocationHelper.invokeMethod(MethodInvocationHelper.java:141)
at org.testng.internal.invokers.TestInvoker.invokeMethod(TestInvoker.java:686)
at org.testng.internal.invokers.TestInvoker.invokeTestMethod(TestInvoker.java:230)
at org.testng.internal.invokers.MethodRunner.runInSequence(MethodRunner.java:63)
at org.testng.internal.invokers.TestInvoker$MethodInvocationAgent.invoke(TestInvoker.java:992)
at org.testng.internal.invokers.TestInvoker.invokeTestMethods(TestInvoker.java:203)
at org.testng.internal.invokers.TestMethodWorker.invokeTestMethods(TestMethodWorker.java:154)
at org.testng.internal.invokers.TestMethodWorker.run(TestMethodWorker.java:134)
at java.base/java.util.ArrayList.forEach(ArrayList.java:1511)
at org.testng.TestRunner.privateRun(TestRunner.java:739)
at org.testng.TestRunner.run(TestRunner.java:614)
at org.testng.SuiteRunner.runTest(SuiteRunner.java:421)
at org.testng.SuiteRunner.runSequentially(SuiteRunner.java:413)
at org.testng.SuiteRunner.privateRun(SuiteRunner.java:373)
at org.testng.SuiteRunner.run(SuiteRunner.java:312)
at org.testng.SuiteRunnerWorker.runSuite(SuiteRunnerWorker.java:52)
at org.testng.SuiteRunnerWorker.run(SuiteRunnerWorker.java:95)
at org.testng.TestNG.runSuitesSequentially(TestNG.java:1274)
at org.testng.TestNG.runSuitesLocally(TestNG.java:1208)
at org.testng.TestNG.runSuites(TestNG.java:1112)
at org.testng.TestNG.run(TestNG.java:1079)
at org.testng.remote.AbstractRemoteTestNG.run(AbstractRemoteTestNG.java:115)
at org.testng.remote.RemoteTestNG.initAndRun(RemoteTestNG.java:293)
at org.testng.remote.RemoteTestNG.main(RemoteTestNG.java:91)
]]>
    </error>
  </testcase> <!-- CreateLead -->
  <system-out>
    <![CDATA[=====Connect to DB and Report Config=====
=====Launch Browse=====
=====Login to Appl=====
=====Logout to Appl=====
=====Close Browser=====
=====Close DB, Report BackUp=====]]>
  </system-out>
</testsuite> <!-- com.comcast.crm.leadsTest.CreateLeadTest -->
